Release 14.6 - xst P.68d (nt64)
Copyright (c) 1995-2013 Xilinx, Inc.  All rights reserved.
--> Parameter TMPDIR set to xst/projnav.tmp


Total REAL time to Xst completion: 0.00 secs
Total CPU time to Xst completion: 0.15 secs
 
--> Parameter xsthdpdir set to xst


Total REAL time to Xst completion: 0.00 secs
Total CPU time to Xst completion: 0.15 secs
 
--> Reading design: ALU_V1.prj

TABLE OF CONTENTS
  1) Synthesis Options Summary
  2) HDL Parsing
  3) HDL Elaboration
  4) HDL Synthesis
       4.1) HDL Synthesis Report
  5) Advanced HDL Synthesis
       5.1) Advanced HDL Synthesis Report
  6) Low Level Synthesis
  7) Partition Report
  8) Design Summary
       8.1) Primitive and Black Box Usage
       8.2) Device utilization summary
       8.3) Partition Resource Summary
       8.4) Timing Report
            8.4.1) Clock Information
            8.4.2) Asynchronous Control Signals Information
            8.4.3) Timing Summary
            8.4.4) Timing Details
            8.4.5) Cross Clock Domains Report


=========================================================================
*                      Synthesis Options Summary                        *
=========================================================================
---- Source Parameters
Input File Name                    : "ALU_V1.prj"
Ignore Synthesis Constraint File   : NO

---- Target Parameters
Output File Name                   : "ALU_V1"
Output Format                      : NGC
Target Device                      : xc6slx16-3-csg324

---- Source Options
Top Module Name                    : ALU_V1
Automatic FSM Extraction           : YES
FSM Encoding Algorithm             : Auto
Safe Implementation                : No
FSM Style                          : LUT
RAM Extraction                     : Yes
RAM Style                          : Auto
ROM Extraction                     : Yes
Shift Register Extraction          : YES
ROM Style                          : Auto
Resource Sharing                   : YES
Asynchronous To Synchronous        : NO
Shift Register Minimum Size        : 2
Use DSP Block                      : Auto
Automatic Register Balancing       : No

---- Target Options
LUT Combining                      : Auto
Reduce Control Sets                : Auto
Add IO Buffers                     : YES
Global Maximum Fanout              : 100000
Add Generic Clock Buffer(BUFG)     : 16
Register Duplication               : YES
Optimize Instantiated Primitives   : NO
Use Clock Enable                   : Auto
Use Synchronous Set                : Auto
Use Synchronous Reset              : Auto
Pack IO Registers into IOBs        : Auto
Equivalent register Removal        : YES

---- General Options
Optimization Goal                  : Speed
Optimization Effort                : 1
Power Reduction                    : NO
Keep Hierarchy                     : No
Netlist Hierarchy                  : As_Optimized
RTL Output                         : Yes
Global Optimization                : AllClockNets
Read Cores                         : YES
Write Timing Constraints           : NO
Cross Clock Analysis               : NO
Hierarchy Separator                : /
Bus Delimiter                      : <>
Case Specifier                     : Maintain
Slice Utilization Ratio            : 100
BRAM Utilization Ratio             : 100
DSP48 Utilization Ratio            : 100
Auto BRAM Packing                  : NO
Slice Utilization Ratio Delta      : 5

=========================================================================


=========================================================================
*                          HDL Parsing                                  *
=========================================================================
Parsing VHDL file "C:\Users\Fernando\Desktop\ALU\ALU_V1.vhd" into library work
Parsing entity <ALU_V1>.
Parsing architecture <Behavioral> of entity <alu_v1>.

=========================================================================
*                            HDL Elaboration                            *
=========================================================================

Elaborating entity <ALU_V1> (architecture <Behavioral>) from library <work>.

=========================================================================
*                           HDL Synthesis                               *
=========================================================================

Synthesizing Unit <ALU_V1>.
    Related source file is "C:\Users\Fernando\Desktop\ALU\ALU_V1.vhd".
    Found 32-bit adder for signal <a_sig[31]_b_sig[31]_add_2_OUT> created at line 51.
    Found 32-bit subtractor for signal <a_sig[31]_b_sig[31]_sub_4_OUT<31:0>> created at line 52.
    Found 32-bit shifter logical left for signal <a_sig[31]_b[4]_shift_left_4_OUT> created at line 53
    Found 32-bit shifter logical right for signal <a_sig[31]_b[4]_shift_right_6_OUT> created at line 55
    Found 32-bit comparator equal for signal <zero> created at line 64
    Summary:
	inferred   1 Adder/Subtractor(s).
	inferred   1 Comparator(s).
	inferred   7 Multiplexer(s).
	inferred   2 Combinational logic shifter(s).
Unit <ALU_V1> synthesized.

=========================================================================
HDL Synthesis Report

Macro Statistics
# Adders/Subtractors                                   : 1
 32-bit addsub                                         : 1
# Comparators                                          : 1
 32-bit comparator equal                               : 1
# Multiplexers                                         : 7
 32-bit 2-to-1 multiplexer                             : 7
# Logic shifters                                       : 2
 32-bit shifter logical left                           : 1
 32-bit shifter logical right                          : 1
# Xors                                                 : 1
 32-bit xor2                                           : 1

=========================================================================

=========================================================================
*                       Advanced HDL Synthesis                          *
=========================================================================


=========================================================================
Advanced HDL Synthesis Report

Macro Statistics
# Adders/Subtractors                                   : 1
 32-bit addsub                                         : 1
# Comparators                                          : 1
 32-bit comparator equal                               : 1
# Multiplexers                                         : 7
 32-bit 2-to-1 multiplexer                             : 7
# Logic shifters                                       : 2
 32-bit shifter logical left                           : 1
 32-bit shifter logical right                          : 1
# Xors                                                 : 1
 32-bit xor2                                           : 1

=========================================================================

=========================================================================
*                         Low Level Synthesis                           *
=========================================================================
WARNING:Xst:2170 - Unit ALU_V1 : the following signal(s) form a combinatorial loop: y<24>.
WARNING:Xst:2170 - Unit ALU_V1 : the following signal(s) form a combinatorial loop: y<27>.
WARNING:Xst:2170 - Unit ALU_V1 : the following signal(s) form a combinatorial loop: y<4>.
WARNING:Xst:2170 - Unit ALU_V1 : the following signal(s) form a combinatorial loop: y<10>.
WARNING:Xst:2170 - Unit ALU_V1 : the following signal(s) form a combinatorial loop: y<13>.
WARNING:Xst:2170 - Unit ALU_V1 : the following signal(s) form a combinatorial loop: y<30>.
WARNING:Xst:2170 - Unit ALU_V1 : the following signal(s) form a combinatorial loop: y<26>.
WARNING:Xst:2170 - Unit ALU_V1 : the following signal(s) form a combinatorial loop: y<12>.
WARNING:Xst:2170 - Unit ALU_V1 : the following signal(s) form a combinatorial loop: y<2>.
WARNING:Xst:2170 - Unit ALU_V1 : the following signal(s) form a combinatorial loop: y<9>.
WARNING:Xst:2170 - Unit ALU_V1 : the following signal(s) form a combinatorial loop: y<7>.
WARNING:Xst:2170 - Unit ALU_V1 : the following signal(s) form a combinatorial loop: y<17>.
WARNING:Xst:2170 - Unit ALU_V1 : the following signal(s) form a combinatorial loop: y<20>.
WARNING:Xst:2170 - Unit ALU_V1 : the following signal(s) form a combinatorial loop: y<29>.
WARNING:Xst:2170 - Unit ALU_V1 : the following signal(s) form a combinatorial loop: y<3>.
WARNING:Xst:2170 - Unit ALU_V1 : the following signal(s) form a combinatorial loop: y<1>.
WARNING:Xst:2170 - Unit ALU_V1 : the following signal(s) form a combinatorial loop: y<22>.
WARNING:Xst:2170 - Unit ALU_V1 : the following signal(s) form a combinatorial loop: y<11>.
WARNING:Xst:2170 - Unit ALU_V1 : the following signal(s) form a combinatorial loop: y<15>.
WARNING:Xst:2170 - Unit ALU_V1 : the following signal(s) form a combinatorial loop: y<18>.
WARNING:Xst:2170 - Unit ALU_V1 : the following signal(s) form a combinatorial loop: y<19>.
WARNING:Xst:2170 - Unit ALU_V1 : the following signal(s) form a combinatorial loop: y<23>.
WARNING:Xst:2170 - Unit ALU_V1 : the following signal(s) form a combinatorial loop: y<6>.
WARNING:Xst:2170 - Unit ALU_V1 : the following signal(s) form a combinatorial loop: y<21>.
WARNING:Xst:2170 - Unit ALU_V1 : the following signal(s) form a combinatorial loop: y<0>.
WARNING:Xst:2170 - Unit ALU_V1 : the following signal(s) form a combinatorial loop: y<28>.
WARNING:Xst:2170 - Unit ALU_V1 : the following signal(s) form a combinatorial loop: y<8>.
WARNING:Xst:2170 - Unit ALU_V1 : the following signal(s) form a combinatorial loop: y<31>.
WARNING:Xst:2170 - Unit ALU_V1 : the following signal(s) form a combinatorial loop: y<5>.
WARNING:Xst:2170 - Unit ALU_V1 : the following signal(s) form a combinatorial loop: y<25>.
WARNING:Xst:2170 - Unit ALU_V1 : the following signal(s) form a combinatorial loop: y<14>.
WARNING:Xst:2170 - Unit ALU_V1 : the following signal(s) form a combinatorial loop: y<16>.

Optimizing unit <ALU_V1> ...

Mapping all equations...
Building and optimizing final netlist ...
Found area constraint ratio of 100 (+ 5) on block ALU_V1, actual ratio is 5.

Final Macro Processing ...

=========================================================================
Final Register Report

Found no macro
=========================================================================

=========================================================================
*                           Partition Report                            *
=========================================================================

Partition Implementation Status
-------------------------------

  No Partitions were found in this design.

-------------------------------

=========================================================================
*                            Design Summary                             *
=========================================================================

Top Level Output File Name         : ALU_V1.ngc

Primitive and Black Box Usage:
------------------------------
# BELS                             : 455
#      GND                         : 1
#      LUT2                        : 6
#      LUT3                        : 103
#      LUT4                        : 5
#      LUT5                        : 74
#      LUT6                        : 184
#      MUXCY                       : 42
#      MUXF7                       : 7
#      VCC                         : 1
#      XORCY                       : 32
# IO Buffers                       : 101
#      IBUF                        : 68
#      OBUF                        : 33

Device utilization summary:
---------------------------

Selected Device : 6slx16csg324-3 


Slice Logic Utilization: 
 Number of Slice LUTs:                  372  out of   9112     4%  
    Number used as Logic:               372  out of   9112     4%  

Slice Logic Distribution: 
 Number of LUT Flip Flop pairs used:    372
   Number with an unused Flip Flop:     372  out of    372   100%  
   Number with an unused LUT:             0  out of    372     0%  
   Number of fully used LUT-FF pairs:     0  out of    372     0%  
   Number of unique control sets:         0

IO Utilization: 
 Number of IOs:                         101
 Number of bonded IOBs:                 101  out of    232    43%  

Specific Feature Utilization:

---------------------------
Partition Resource Summary:
---------------------------

  No Partitions were found in this design.

---------------------------


=========================================================================
Timing Report

NOTE: THESE TIMING NUMBERS ARE ONLY A SYNTHESIS ESTIMATE.
      FOR ACCURATE TIMING INFORMATION PLEASE REFER TO THE TRACE REPORT
      GENERATED AFTER PLACE-and-ROUTE.

Clock Information:
------------------
No clock signals found in this design

Asynchronous Control Signals Information:
----------------------------------------
No asynchronous control signals found in this design

Timing Summary:
---------------
Speed Grade: -3

   Minimum period: No path found
   Minimum input arrival time before clock: No path found
   Maximum output required time after clock: No path found
   Maximum combinational path delay: 11.572ns

Timing Details:
---------------
All values displayed in nanoseconds (ns)

=========================================================================
Timing constraint: Default path analysis
  Total number of paths / destination ports: 4657 / 33
-------------------------------------------------------------------------
Delay:               11.572ns (Levels of Logic = 8)
  Source:            b<0> (PAD)
  Destination:       y<23> (PAD)

  Data Path: b<0> to y<23>
                                Gate     Net
    Cell:in->out      fanout   Delay   Delay  Logical Name (Net Name)
    ----------------------------------------  ------------
     IBUF:I->O            77   1.222   2.090  b_0_IBUF (b_0_IBUF)
     LUT6:I0->O            3   0.203   0.879  Sh1161 (Sh116)
     LUT5:I2->O            2   0.205   0.864  Sh1481 (Sh148)
     LUT5:I1->O            1   0.203   0.808  Mmux_y_reg2511 (Mmux_y_reg251)
     LUT6:I3->O            1   0.205   0.580  Mmux_y_reg2513 (Mmux_y_reg2512)
     LUT6:I5->O            1   0.205   0.684  Mmux_y_reg2515 (Mmux_y_reg12)
     LUT3:I1->O            3   0.203   0.650  Mmux_y_reg2611 (y_20_OBUF)
     OBUF:I->O                 2.571          y_20_OBUF (y<20>)
    ----------------------------------------
    Total                     11.572ns (5.017ns logic, 6.555ns route)
                                       (43.4% logic, 56.6% route)

=========================================================================

Cross Clock Domains Report:
--------------------------

=========================================================================


Total REAL time to Xst completion: 5.00 secs
Total CPU time to Xst completion: 5.23 secs
 
--> 

Total memory usage is 4488052 kilobytes

Number of errors   :    0 (   0 filtered)
Number of warnings :   32 (   0 filtered)
Number of infos    :    0 (   0 filtered)

